-------------------------------------------------------------------------------
Test set: Controller.aluguelDAOTest
-------------------------------------------------------------------------------
Tests run: 1, Failures: 0, Errors: 1, Skipped: 0, Time elapsed: 0.003 s <<< FAILURE! - in Controller.aluguelDAOTest
Controller.aluguelDAOTest  Time elapsed: 0.003 s  <<< ERROR!
java.lang.NoClassDefFoundError: Controller/clienteDAO
Caused by: java.lang.ClassNotFoundException: Controller.clienteDAO

